#
# There is insufficient memory for the Java Runtime Environment to continue.
# Native memory allocation (mmap) failed to map 266338304 bytes for G1 virtual space
# Possible reasons:
#   The system is out of physical RAM or swap space
#   The process is running with CompressedOops enabled, and the Java Heap may be blocking the growth of the native heap
# Possible solutions:
#   Reduce memory load on the system
#   Increase physical memory or swap space
#   Check if swap backing store is full
#   Decrease Java heap size (-Xmx/-Xms)
#   Decrease number of Java threads
#   Decrease Java thread stack sizes (-Xss)
#   Set larger code cache with -XX:ReservedCodeCacheSize=
#   JVM is running with Zero Based Compressed Oops mode in which the Java heap is
#     placed in the first 32GB address space. The Java Heap base address is the
#     maximum limit for the native heap growth. Please use -XX:HeapBaseMinAddress
#     to set the Java Heap base and to place the Java Heap above 32GB virtual address.
# This output file may be truncated or incomplete.
#
#  Out of Memory Error (os_windows.cpp:3548), pid=17656, tid=20876
#
# JRE version:  (17.0.10+11) (build )
# Java VM: Java HotSpot(TM) 64-Bit Server VM (17.0.10+11-LTS-240, mixed mode, emulated-client, sharing, tiered, compressed oops, compressed class ptrs, g1 gc, windows-amd64)
# No core dump will be written. Minidumps are not enabled by default on client versions of Windows
#

---------------  S U M M A R Y ------------

Command Line: -XX:TieredStopAtLevel=1 -Dspring.output.ansi.enabled=always -Dcom.sun.management.jmxremote -Dspring.jmx.enabled=true -Dspring.liveBeansView.mbeanDomain -Dspring.application.admin.enabled=true -Dmanagement.endpoints.jmx.exposure.include=* -javaagent:D:\Program Files\JetBrains\IntelliJ IDEA 2023.1.4\lib\idea_rt.jar=64377:D:\Program Files\JetBrains\IntelliJ IDEA 2023.1.4\bin -Dfile.encoding=UTF-8 com.aluufc.demoparkingapi.DemoParkingApiApplication

Host: Intel(R) Core(TM) i7-8565U CPU @ 1.80GHz, 8 cores, 15G,  Windows 10 , 64 bit Build 19041 (10.0.19041.3636)
Time: Wed Feb 14 17:21:19 2024 Hora Padrão da Bahia elapsed time: 0.012871 seconds (0d 0h 0m 0s)

---------------  T H R E A D  ---------------

Current thread (0x0000018e07ef23e0):  JavaThread "Unknown thread" [_thread_in_vm, id=20876, stack(0x00000016f9b00000,0x00000016f9c00000)]

Stack: [0x00000016f9b00000,0x00000016f9c00000]
Native frames: (J=compiled Java code, j=interpreted, Vv=VM code, C=native code)
V  [jvm.dll+0x677a5a]
V  [jvm.dll+0x7d8b2d]
V  [jvm.dll+0x7da48e]
V  [jvm.dll+0x7daaf3]
V  [jvm.dll+0x2455ff]
V  [jvm.dll+0x6749b9]
V  [jvm.dll+0x669382]
V  [jvm.dll+0x302e96]
V  [jvm.dll+0x30a416]
V  [jvm.dll+0x359cbe]
V  [jvm.dll+0x359eef]
V  [jvm.dll+0x2d9e88]
V  [jvm.dll+0x2dadf4]
V  [jvm.dll+0x7aa551]
V  [jvm.dll+0x367911]
V  [jvm.dll+0x789639]
V  [jvm.dll+0x3eb30f]
V  [jvm.dll+0x3ecd91]
C  [jli.dll+0x5297]
C  [ucrtbase.dll+0x21bb2]
C  [KERNEL32.DLL+0x17344]
C  [ntdll.dll+0x526b1]


---------------  P R O C E S S  ---------------

Threads class SMR info:
_java_thread_list=0x00007ff8013b6a18, length=0, elements={
}

Java Threads: ( => current thread )

Other Threads:
  0x0000018e07f57d70 GCTaskThread "GC Thread#0" [stack: 0x00000016f9c00000,0x00000016f9d00000] [id=9928]
  0x0000018e07f68a90 ConcurrentGCThread "G1 Main Marker" [stack: 0x00000016f9d00000,0x00000016f9e00000] [id=10064]
  0x0000018e07f69c40 ConcurrentGCThread "G1 Conc#0" [stack: 0x00000016f9e00000,0x00000016f9f00000] [id=24000]

[error occurred during error reporting (printing all threads), id 0xc0000005, EXCEPTION_ACCESS_VIOLATION (0xc0000005) at pc=0x00007ff800beaae7]

VM state: not at safepoint (not fully initialized)

VM Mutex/Monitor currently owned by a thread:  ([mutex/lock_event])
[0x0000018e07eeeba0] Heap_lock - owner thread: 0x0000018e07ef23e0

Heap address: 0x0000000703000000, size: 4048 MB, Compressed Oops mode: Zero based, Oop shift amount: 3

CDS archive(s) mapped at: [0x0000000000000000-0x0000000000000000-0x0000000000000000), size 0, SharedBaseAddress: 0x0000000800000000, ArchiveRelocationMode: 1.
Narrow klass base: 0x0000000000000000, Narrow klass shift: 0, Narrow klass range: 0x0

GC Precious Log:
<Empty>

Heap:
 garbage-first heap   total 0K, used 0K [0x0000000703000000, 0x0000000800000000)
  region size 2048K, 0 young (0K), 0 survivors (0K)

[error occurred during error reporting (printing heap information), id 0xc0000005, EXCEPTION_ACCESS_VIOLATION (0xc0000005) at pc=0x00007ff800fd1249]

GC Heap History (0 events):
No events

Deoptimization events (0 events):
No events

Classes unloaded (0 events):
No events

Classes redefined (0 events):
No events

Internal exceptions (0 events):
No events

VM Operations (0 events):
No events

Events (1 events):
Event: 0.008 Loaded shared library C:\Program Files\Java\jdk-17\bin\java.dll


Dynamic libraries:
0x00007ff60a520000 - 0x00007ff60a530000 	C:\Program Files\Java\jdk-17\bin\java.exe
0x00007ff8e59f0000 - 0x00007ff8e5be8000 	C:\WINDOWS\SYSTEM32\ntdll.dll
0x00007ff89d100000 - 0x00007ff89d119000 	C:\Program Files\Avast Software\Avast\aswhook.dll
0x00007ff8e3da0000 - 0x00007ff8e3e5d000 	C:\WINDOWS\System32\KERNEL32.DLL
0x00007ff8e3320000 - 0x00007ff8e3616000 	C:\WINDOWS\System32\KERNELBASE.dll
0x00007ff8e3940000 - 0x00007ff8e3a40000 	C:\WINDOWS\System32\ucrtbase.dll
0x00007ff8773d0000 - 0x00007ff8773eb000 	C:\Program Files\Java\jdk-17\bin\VCRUNTIME140.dll
0x00007ff8773f0000 - 0x00007ff877409000 	C:\Program Files\Java\jdk-17\bin\jli.dll
0x00007ff8e5500000 - 0x00007ff8e55b3000 	C:\WINDOWS\System32\ADVAPI32.dll
0x00007ff8e42d0000 - 0x00007ff8e436e000 	C:\WINDOWS\System32\msvcrt.dll
0x00007ff8e5340000 - 0x00007ff8e53df000 	C:\WINDOWS\System32\sechost.dll
0x00007ff8e57f0000 - 0x00007ff8e5916000 	C:\WINDOWS\System32\RPCRT4.dll
0x00007ff8e30f0000 - 0x00007ff8e3117000 	C:\WINDOWS\System32\bcrypt.dll
0x00007ff8e3af0000 - 0x00007ff8e3c8e000 	C:\WINDOWS\System32\USER32.dll
0x00007ff8e30c0000 - 0x00007ff8e30e2000 	C:\WINDOWS\System32\win32u.dll
0x00007ff8cd7b0000 - 0x00007ff8cda4a000 	C:\WINDOWS\WinSxS\amd64_microsoft.windows.common-controls_6595b64144ccf1df_6.0.19041.3636_none_60b6a03d71f818d5\COMCTL32.dll
0x00007ff8e4370000 - 0x00007ff8e439c000 	C:\WINDOWS\System32\GDI32.dll
0x00007ff8e3780000 - 0x00007ff8e389a000 	C:\WINDOWS\System32\gdi32full.dll
0x00007ff8e38a0000 - 0x00007ff8e393d000 	C:\WINDOWS\System32\msvcp_win.dll
0x00007ff8d6760000 - 0x00007ff8d676a000 	C:\WINDOWS\SYSTEM32\VERSION.dll
0x00007ff8e3c90000 - 0x00007ff8e3cc0000 	C:\WINDOWS\System32\IMM32.DLL
0x00007ff8b9840000 - 0x00007ff8b984c000 	C:\Program Files\Java\jdk-17\bin\vcruntime140_1.dll
0x00007ff841230000 - 0x00007ff8412be000 	C:\Program Files\Java\jdk-17\bin\msvcp140.dll
0x00007ff800900000 - 0x00007ff8014df000 	C:\Program Files\Java\jdk-17\bin\server\jvm.dll
0x00007ff8e55c0000 - 0x00007ff8e55c8000 	C:\WINDOWS\System32\PSAPI.DLL
0x00007ff8ce7b0000 - 0x00007ff8ce7b9000 	C:\WINDOWS\SYSTEM32\WSOCK32.dll
0x00007ff8cdc00000 - 0x00007ff8cdc27000 	C:\WINDOWS\SYSTEM32\WINMM.dll
0x00007ff8e4cd0000 - 0x00007ff8e4d3b000 	C:\WINDOWS\System32\WS2_32.dll
0x00007ff8e1900000 - 0x00007ff8e1912000 	C:\WINDOWS\SYSTEM32\kernel.appcore.dll
0x00007ff8b8f80000 - 0x00007ff8b8f8a000 	C:\Program Files\Java\jdk-17\bin\jimage.dll
0x00007ff8e1630000 - 0x00007ff8e1814000 	C:\WINDOWS\SYSTEM32\DBGHELP.DLL
0x00007ff8d49e0000 - 0x00007ff8d4a14000 	C:\WINDOWS\SYSTEM32\dbgcore.DLL
0x00007ff8e3170000 - 0x00007ff8e31f2000 	C:\WINDOWS\System32\bcryptPrimitives.dll
0x00007ff8db180000 - 0x00007ff8db18e000 	C:\Program Files\Java\jdk-17\bin\instrument.dll
0x00007ff8773a0000 - 0x00007ff8773c5000 	C:\Program Files\Java\jdk-17\bin\java.dll

dbghelp: loaded successfully - version: 4.0.5 - missing functions: none
symbol engine: initialized successfully - sym options: 0x614 - pdb path: .;C:\Program Files\Java\jdk-17\bin;C:\WINDOWS\SYSTEM32;C:\Program Files\Avast Software\Avast;C:\WINDOWS\WinSxS\amd64_microsoft.windows.common-controls_6595b64144ccf1df_6.0.19041.3636_none_60b6a03d71f818d5;C:\Program Files\Java\jdk-17\bin\server

VM Arguments:
jvm_args: -XX:TieredStopAtLevel=1 -Dspring.output.ansi.enabled=always -Dcom.sun.management.jmxremote -Dspring.jmx.enabled=true -Dspring.liveBeansView.mbeanDomain -Dspring.application.admin.enabled=true -Dmanagement.endpoints.jmx.exposure.include=* -javaagent:D:\Program Files\JetBrains\IntelliJ IDEA 2023.1.4\lib\idea_rt.jar=64377:D:\Program Files\JetBrains\IntelliJ IDEA 2023.1.4\bin -Dfile.encoding=UTF-8 
java_command: com.aluufc.demoparkingapi.DemoParkingApiApplication
java_class_path (initial): C:\Program Files\Java\jdk1.8.0_241\jre\lib\charsets.jar;C:\Program Files\Java\jdk1.8.0_241\jre\lib\deploy.jar;C:\Program Files\Java\jdk1.8.0_241\jre\lib\ext\access-bridge-64.jar;C:\Program Files\Java\jdk1.8.0_241\jre\lib\ext\cldrdata.jar;C:\Program Files\Java\jdk1.8.0_241\jre\lib\ext\dnsns.jar;C:\Program Files\Java\jdk1.8.0_241\jre\lib\ext\jaccess.jar;C:\Program Files\Java\jdk1.8.0_241\jre\lib\ext\jfxrt.jar;C:\Program Files\Java\jdk1.8.0_241\jre\lib\ext\localedata.jar;C:\Program Files\Java\jdk1.8.0_241\jre\lib\ext\nashorn.jar;C:\Program Files\Java\jdk1.8.0_241\jre\lib\ext\sunec.jar;C:\Program Files\Java\jdk1.8.0_241\jre\lib\ext\sunjce_provider.jar;C:\Program Files\Java\jdk1.8.0_241\jre\lib\ext\sunmscapi.jar;C:\Program Files\Java\jdk1.8.0_241\jre\lib\ext\sunpkcs11.jar;C:\Program Files\Java\jdk1.8.0_241\jre\lib\ext\zipfs.jar;C:\Program Files\Java\jdk1.8.0_241\jre\lib\javaws.jar;C:\Program Files\Java\jdk1.8.0_241\jre\lib\jce.jar;C:\Program Files\Java\jdk1.8.0_241\jre\lib\jfr.jar;C:\Program Files\Java\jdk1.8.0_241\jre\lib\jfxswt.jar;C:\Program Files\Java\jdk1.8.0_241\jre\lib\jsse.jar;C:\Program Files\Java\jdk1.8.0_241\jre\lib\management-agent.jar;C:\Program Files\Java\jdk1.8.0_241\jre\lib\plugin.jar;C:\Program Files\Java\jdk1.8.0_241\jre\lib\resources.jar;C:\Program Files\Java\jdk1.8.0_241\jre\lib\rt.jar;D:\Documentos_Importantes\SpringBoot\demo-parking-api\target\classes;C:\Users\guilh\.m2\repository\org\springframework\boot\spring-boot-starter-data-jpa\3.2.2\spring-boot-starter-data-jpa-3.2.2.jar;C:\Users\guilh\.m2\repository\org\springframework\boot\spring-boot-starter-aop\3.2.2\spring-boot-starter-aop-3.2.2.jar;C:\Users\guilh\.m2\repository\org\springframework\spring-aop\6.1.3\spring-aop-6.1.3.jar;C:\Users\guilh\.m2\repository\org\aspectj\aspectjweaver\1.9.21\aspectjweaver-1.9.21.jar;C:\Users\guilh\.m2\repository\org\springframework\boot\spring-boot-starter-jdbc\3.2.2\spring-boot-starter-jdbc-3.2.2.jar;C:\Users\guilh\.m2\repository\com\z
Launcher Type: SUN_STANDARD

[Global flags]
     intx CICompilerCount                          = 4                                         {product} {ergonomic}
     uint ConcGCThreads                            = 2                                         {product} {ergonomic}
     uint G1ConcRefinementThreads                  = 8                                         {product} {ergonomic}
   size_t G1HeapRegionSize                         = 2097152                                   {product} {ergonomic}
    uintx GCDrainStackTargetSize                   = 64                                        {product} {ergonomic}
   size_t InitialHeapSize                          = 266338304                                 {product} {ergonomic}
     bool ManagementServer                         = true                                      {product} {command line}
   size_t MarkStackSize                            = 4194304                                   {product} {ergonomic}
   size_t MaxHeapSize                              = 4244635648                                {product} {ergonomic}
   size_t MinHeapDeltaBytes                        = 2097152                                   {product} {ergonomic}
   size_t MinHeapSize                              = 8388608                                   {product} {ergonomic}
    uintx NonProfiledCodeHeapSize                  = 0                                      {pd product} {ergonomic}
     bool ProfileInterpreter                       = false                                  {pd product} {command line}
    uintx ProfiledCodeHeapSize                     = 0                                      {pd product} {ergonomic}
   size_t SoftMaxHeapSize                          = 4244635648                             {manageable} {ergonomic}
     intx TieredStopAtLevel                        = 1                                         {product} {command line}
     bool UseCompressedClassPointers               = true                           {product lp64_product} {ergonomic}
     bool UseCompressedOops                        = true                           {product lp64_product} {ergonomic}
     bool UseG1GC                                  = true                                      {product} {ergonomic}
     bool UseLargePagesIndividualAllocation        = false                                  {pd product} {ergonomic}

Logging:
Log output configuration:
 #0: stdout all=warning uptime,level,tags
 #1: stderr all=off uptime,level,tags

Environment Variables:
JAVA_HOME=C:\Program Files\Java\jdk1.8.0_241
PATH=C:\Program Files\Common Files\Oracle\Java\javapath;C:\Python311\Scripts\;C:\Python311\;C:\Program Files\Eclipse Foundation\jdk-11.0.12.7-hotspot\bin;C:\Program Files (x86)\Falcon\MinGW\bin;C:\Program Files (x86)\Common Files\Oracle\Java\javapath;C:\Windows\system32;C:\Windows;C:\Windows\System32\Wbem;C:\Windows\System32\WindowsPowerShell\v1.0\;C:\Windows\System32\OpenSSH\;C:\Program Files (x86)\Intel\Intel(R) Management Engine Components\DAL;C:\Program Files\Intel\Intel(R) Management Engine Components\DAL;C:\Program Files\Intel\WiFi\bin\;C:\Program Files\Common Files\Intel\WirelessCommon\;C:\Program Files (x86)\NVIDIA Corporation\PhysX\Common;C:\WINDOWS\system32;C:\WINDOWS;C:\WINDOWS\System32\Wbem;C:\WINDOWS\System32\WindowsPowerShell\v1.0\;C:\WINDOWS\System32\OpenSSH\;D:\Program Files\Git\cmd;C:\ProgramData\chocolatey\bin;C:\msys64\mingw64\bin;C:\Users\guilh\AppData\Roaming\nvm;C:\Program Files\nodejs;C:\Program Files\nodejs\;D:\Xampp\php;C:\ProgramData\ComposerSetup\bin;D:\Program Files\Mozart\bin;C:\Program Files\Microsoft SQL Server\Client SDK\ODBC\110\Tools\Binn\;C:\Program Files (x86)\Microsoft SQL Server\120\Tools\Binn\;C:\Program Files\Microsoft SQL Server\120\Tools\Binn\;C:\Program Files\Microsoft SQL Server\120\DTS\Binn\;C:\Program Files (x86)\Microsoft SQL Server\120\Tools\Binn\ManagementStudio\;C:\Program Files (x86)\Microsoft SQL Server\120\DTS\Binn\;D:\Program Files\Elixir\bin;D:\Program Files\Erlang\Erlang OTP\bin;C:\Users\guilh\AppData\Local\Programs\Enthought\edm\;C:\Users\guilh\AppData\Local\Microsoft\WindowsApps;C:\Users\guilh\AppData\Local\Programs\Microsoft VS Code\bin;D:\GCC_C-Compiler\mingw64\bin;%NVM_HOME%;%NVM_SYMLINK%;C:\Users\guilh\AppData\Roaming\npm;D:\Python311\z3-4.12.2-x64-win\z3-4.12.2-x64-win\bin;C:\Users\guilh\AppData\Roaming\Composer\vendor\bin;D:\Program Files\Mozart\bin;;%USERPROFILE%\AppData\Local\Microsoft\WindowsApps
USERNAME=guilh
OS=Windows_NT
PROCESSOR_IDENTIFIER=Intel64 Family 6 Model 142 Stepping 12, GenuineIntel



---------------  S Y S T E M  ---------------

OS:
 Windows 10 , 64 bit Build 19041 (10.0.19041.3636)
OS uptime: 1 days 19:36 hours

CPU: total 8 (initial active 8) (4 cores per cpu, 2 threads per core) family 6 model 142 stepping 12 microcode 0xb8, cx8, cmov, fxsr, ht, mmx, 3dnowpref, sse, sse2, sse3, ssse3, sse4.1, sse4.2, popcnt, lzcnt, tsc, tscinvbit, avx, avx2, aes, erms, clmul, bmi1, bmi2, adx, fma, vzeroupper, clflush, clflushopt

Memory: 4k page, system-wide physical 16191M (2984M free)
TotalPageFile size 19273M (AvailPageFile size 187M)
current process WorkingSet (physical memory assigned to process): 10M, peak: 10M
current process commit charge ("private bytes"): 55M, peak: 309M

vm_info: Java HotSpot(TM) 64-Bit Server VM (17.0.10+11-LTS-240) for windows-amd64 JRE (17.0.10+11-LTS-240), built on Dec 19 2023 21:47:25 by "mach5one" with MS VC++ 17.1 (VS2022)

END.
